"D:/Documents/Unreal Projects/Interloper 4.20/Content/AI/Tutorial/ai_state.uasset" 0
"D:/Documents/Unreal Projects/Interloper 4.20/Content/AI/Tutorial/ai_data.uasset" 1
"../../../Engine/Content/EditorBlueprintResources/StandardMacros.uasset" 2
"D:/Documents/Unreal Projects/Interloper 4.20/Content/Mannequin/Character/Mesh/UE4_Mannequin_Skeleton.uasset" 3
"D:/Documents/Unreal Projects/Interloper 4.20/Content/Mannequin/Animations/ThirdPerson_Jump.uasset" 4
"D:/Documents/Unreal Projects/Interloper 4.20/Content/Mannequin/Animations/ThirdPersonJump_Loop.uasset" 5
"D:/Documents/Unreal Projects/Interloper 4.20/Content/Mannequin/Animations/ThirdPersonJump_Start.uasset" 6
"D:/Documents/Unreal Projects/Interloper 4.20/Content/Mannequin/Animations/ThirdPersonIdle.uasset" 7
"D:/Documents/Unreal Projects/Interloper 4.20/Content/Mannequin/Animations/ThirdPersonRun.uasset" 8
"D:/Documents/Unreal Projects/Interloper 4.20/Content/Mannequin/Animations/ThirdPersonWalk.uasset" 9
"D:/Documents/Unreal Projects/Interloper 4.20/Content/Mannequin/Animations/ThirdPerson_IdleRun_2D.uasset" 10
"D:/Documents/Unreal Projects/Interloper 4.20/Content/Mannequin/Animations/ThirdPerson_AnimBP.uasset" 11
"../../../Engine/Content/Functions/Engine_MaterialFunctions02/Utility/BlendAngleCorrectedNormals.uasset" 12
"../../../Engine/Content/Functions/MaterialLayerFunctions/MatLayerBlend_NormalBlend.uasset" 13
"../../../Engine/Content/Functions/MaterialLayerFunctions/MatLayerBlend_Simple.uasset" 14
"D:/Documents/Unreal Projects/Interloper 4.20/Content/Mannequin/Character/Materials/MaterialLayers/T_ML_Rubber_Blue_01_D.uasset" 15
"D:/Documents/Unreal Projects/Interloper 4.20/Content/Mannequin/Character/Materials/MaterialLayers/T_ML_Rubber_Blue_01_N.uasset" 16
"D:/Documents/Unreal Projects/Interloper 4.20/Content/Mannequin/Character/Materials/MaterialLayers/ML_GlossyBlack_Latex_UE4.uasset" 17
"D:/Documents/Unreal Projects/Interloper 4.20/Content/Mannequin/Character/Materials/MaterialLayers/ML_Plastic_Shiny_Beige.uasset" 18
"D:/Documents/Unreal Projects/Interloper 4.20/Content/Mannequin/Character/Textures/UE4_LOGO_CARD.uasset" 19
"D:/Documents/Unreal Projects/Interloper 4.20/Content/Mannequin/Character/Materials/MaterialLayers/ML_Plastic_Shiny_Beige_LOGO.uasset" 20
"D:/Documents/Unreal Projects/Interloper 4.20/Content/Mannequin/Character/Materials/MaterialLayers/T_ML_Aluminum01.uasset" 21
"D:/Documents/Unreal Projects/Interloper 4.20/Content/Mannequin/Character/Materials/MaterialLayers/T_ML_Aluminum01_N.uasset" 22
"D:/Documents/Unreal Projects/Interloper 4.20/Content/Mannequin/Character/Materials/MaterialLayers/ML_SoftMetal_UE4.uasset" 23
"D:/Documents/Unreal Projects/Interloper 4.20/Content/Mannequin/Character/Textures/UE4_Mannequin__normals.uasset" 24
"D:/Documents/Unreal Projects/Interloper 4.20/Content/Mannequin/Character/Textures/UE4_Mannequin_MAT_MASKA.uasset" 25
"D:/Documents/Unreal Projects/Interloper 4.20/Content/Mannequin/Character/Materials/M_UE4Man_Body.uasset" 26
"D:/Documents/Unreal Projects/Interloper 4.20/Content/Mannequin/Character/Textures/UE4Man_Logo_N.uasset" 27
"D:/Documents/Unreal Projects/Interloper 4.20/Content/Mannequin/Character/Materials/M_UE4Man_ChestLogo.uasset" 28
"D:/Documents/Unreal Projects/Interloper 4.20/Content/Mannequin/Character/Mesh/SK_Mannequin_PhysicsAsset.uasset" 29
"D:/Documents/Unreal Projects/Interloper 4.20/Content/Mannequin/Character/Mesh/SK_Mannequin.uasset" 30
"D:/Documents/Unreal Projects/Interloper 4.20/Content/AI/Tutorial/ai_character.uasset" 31
"D:/Documents/Unreal Projects/Interloper 4.20/Content/AI/Tutorial/BTT_ai_attack.uasset" 32
"D:/Documents/Unreal Projects/Interloper 4.20/Content/AI/Tutorial/ai_controller.uasset" 33
"D:/Documents/Unreal Projects/Interloper 4.20/Content/AI/Tutorial/BTT_ai_moveTo.uasset" 34
"D:/Documents/Unreal Projects/Interloper 4.20/Content/AI/Tutorial/ai_point.uasset" 35
"D:/Documents/Unreal Projects/Interloper 4.20/Content/AI/Tutorial/BTT_ai_nextRoute.uasset" 36
"D:/Documents/Unreal Projects/Interloper 4.20/Content/AI/Tutorial/BTT_ai_walkSpeed.uasset" 37
"D:/Documents/Unreal Projects/Interloper 4.20/Content/AI/Tutorial/ai_tree.uasset" 38
"D:/Documents/Unreal Projects/Interloper 4.20/Content/AI/Tutorial/BTT_ai_updateRoute.uasset" 39
"D:/Documents/Unreal Projects/Interloper 4.20/Content/Audio/Effects/A_Cannon.uasset" 40
"D:/Documents/Unreal Projects/Interloper 4.20/Content/Audio/Effects/A_objective.uasset" 41
"D:/Documents/Unreal Projects/Interloper 4.20/Content/Audio/Effects/A_update.uasset" 42
"D:/Documents/Unreal Projects/Interloper 4.20/Content/Audio/Effects/A_Heal.uasset" 43
"D:/Documents/Unreal Projects/Interloper 4.20/Content/Audio/Effects/C_Heal.uasset" 44
"D:/Documents/Unreal Projects/Interloper 4.20/Content/Audio/Effects/A_Small_Explosion.uasset" 45
"D:/Documents/Unreal Projects/Interloper 4.20/Content/Audio/Effects/C_Medium_Explosion.uasset" 46
"D:/Documents/Unreal Projects/Interloper 4.20/Content/Audio/Effects/A_menu_select.uasset" 47
"D:/Documents/Unreal Projects/Interloper 4.20/Content/Audio/Effects/C_menu_select.uasset" 48
"D:/Documents/Unreal Projects/Interloper 4.20/Content/Audio/Effects/A_Laser_01.uasset" 49
"D:/Documents/Unreal Projects/Interloper 4.20/Content/Audio/Effects/C_shoot02.uasset" 50
"D:/Documents/Unreal Projects/Interloper 4.20/Content/Audio/Music/Retro_Future_Nights_-_Synthwave_-_Royalty_Free_Music.uasset" 51
"D:/Documents/Unreal Projects/Interloper 4.20/Content/Audio/Music/Royalty_Free_Music_-_Electronic_-_Thunder_-_FloidBeats_045_TechnoTrance.uasset" 52
"D:/Documents/Unreal Projects/Interloper 4.20/Content/Audio/Music/Surreal_Darkness_LOOP.uasset" 53
"D:/Documents/Unreal Projects/Interloper 4.20/Content/FirstPerson/Character/Mesh/SK_Mannequin_Arms_Skeleton.uasset" 54
"D:/Documents/Unreal Projects/Interloper 4.20/Content/FirstPerson/Animations/FirstPerson_Idle.uasset" 55
"D:/Documents/Unreal Projects/Interloper 4.20/Content/FirstPerson/Animations/FirstPerson_JumpEnd.uasset" 56
"D:/Documents/Unreal Projects/Interloper 4.20/Content/FirstPerson/Animations/FirstPerson_JumpLoop.uasset" 57
"D:/Documents/Unreal Projects/Interloper 4.20/Content/FirstPerson/Animations/FirstPerson_JumpStart.uasset" 58
"D:/Documents/Unreal Projects/Interloper 4.20/Content/Audio/Effects/A_footstep.uasset" 59
"D:/Documents/Unreal Projects/Interloper 4.20/Content/Audio/Effects/C_footstep.uasset" 60
"D:/Documents/Unreal Projects/Interloper 4.20/Content/FirstPerson/Animations/FirstPerson_Run.uasset" 61
"D:/Documents/Unreal Projects/Interloper 4.20/Content/FirstPerson/Animations/FirstPerson_AnimBP.uasset" 62
"D:/Documents/Unreal Projects/Interloper 4.20/Content/FirstPerson/Animations/FirstPerson_Fire.uasset" 63
"D:/Documents/Unreal Projects/Interloper 4.20/Content/FirstPerson/Animations/FirstPersonFire_Montage.uasset" 64
"D:/Documents/Unreal Projects/Interloper 4.20/Content/Materials/M_black.uasset" 65
"../../../Engine/Content/Functions/Engine_MaterialFunctions01/Opacity/CameraDepthFade.uasset" 66
"../../../Engine/Content/EngineMaterials/T_Default_Material_Grid_M.uasset" 67
"../../../Engine/Content/EngineMaterials/T_Default_Material_Grid_N.uasset" 68
"../../../Engine/Content/EngineMaterials/WorldGridMaterial.uasset" 69
"../../../Engine/Content/BasicShapes/Cube.uasset" 70
"D:/Documents/Unreal Projects/Interloper 4.20/Content/Particles/M_bulletExplosion01.uasset" 71
"D:/Documents/Unreal Projects/Interloper 4.20/Content/Particles/M_bulletParticle01.uasset" 72
"D:/Documents/Unreal Projects/Interloper 4.20/Content/Blueprints/Projectiles/BP_playerBullet01.uasset" 73
"D:/Documents/Unreal Projects/Interloper 4.20/Content/Materials/M_emissive01.uasset" 74
"../../../Engine/Content/EngineMaterials/DefaultMaterial.uasset" 75
"../../../Engine/Content/BasicShapes/Sphere.uasset" 76
"D:/Documents/Unreal Projects/Interloper 4.20/Content/Audio/Effects/A_Explosion.uasset" 77
"D:/Documents/Unreal Projects/Interloper 4.20/Content/Audio/Effects/C_Explosion.uasset" 78
"D:/Documents/Unreal Projects/Interloper 4.20/Content/Audio/SA_explosion.uasset" 79
"D:/Documents/Unreal Projects/Interloper 4.20/Content/StarterContent/Textures/T_Burst_M.uasset" 80
"D:/Documents/Unreal Projects/Interloper 4.20/Content/StarterContent/Particles/Materials/M_Burst.uasset" 81
"D:/Documents/Unreal Projects/Interloper 4.20/Content/StarterContent/Textures/T_Explosion_SubUV.uasset" 82
"D:/Documents/Unreal Projects/Interloper 4.20/Content/StarterContent/Particles/Materials/M_explosion_subUV.uasset" 83
"D:/Documents/Unreal Projects/Interloper 4.20/Content/StarterContent/Particles/Materials/m_flare_01.uasset" 84
"../../../Engine/Content/Functions/Engine_MaterialFunctions01/Gradient/RadialGradient.uasset" 85
"D:/Documents/Unreal Projects/Interloper 4.20/Content/StarterContent/Particles/Materials/M_radial_ramp.uasset" 86
"D:/Documents/Unreal Projects/Interloper 4.20/Content/StarterContent/Textures/T_Smoke_SubUV.uasset" 87
"D:/Documents/Unreal Projects/Interloper 4.20/Content/StarterContent/Textures/T_Smoke_Tiled_D.uasset" 88
"D:/Documents/Unreal Projects/Interloper 4.20/Content/StarterContent/Particles/Materials/M_smoke_subUV.uasset" 89
"D:/Documents/Unreal Projects/Interloper 4.20/Content/Particles/P_Explosion2.uasset" 90
"D:/Documents/Unreal Projects/Interloper 4.20/Content/Blueprints/Projectiles/Player/BP_SFX_bullet.uasset" 91
"D:/Documents/Unreal Projects/Interloper 4.20/Content/Audio/Effects/A_reload01.uasset" 92
"D:/Documents/Unreal Projects/Interloper 4.20/Content/Audio/Effects/A_Empty_Shot_Click.uasset" 93
"D:/Documents/Unreal Projects/Interloper 4.20/Content/Audio/Effects/C_Empty_Click.uasset" 94
"D:/Documents/Unreal Projects/Interloper 4.20/Content/Audio/Effects/C_reload02.uasset" 95
"D:/Documents/Unreal Projects/Interloper 4.20/Content/Audio/Effects/C_shoot01.uasset" 96
"D:/Documents/Unreal Projects/Interloper 4.20/Content/Fonts/Adam.uasset" 97
"D:/Documents/Unreal Projects/Interloper 4.20/Content/Fonts/Adam_Font.uasset" 98
"D:/Documents/Unreal Projects/Interloper 4.20/Content/Textures/UI/T_crosshair01.uasset" 99
"D:/Documents/Unreal Projects/Interloper 4.20/Content/Blueprints/UMG/UI_HUD.uasset" 100
"D:/Documents/Unreal Projects/Interloper 4.20/Content/Materials/M_white.uasset" 101
"D:/Documents/Unreal Projects/Interloper 4.20/Content/Meshes_Static/Weapons/SM_shotgun.uasset" 102
"D:/Documents/Unreal Projects/Interloper 4.20/Content/Textures/UI/wheel_centre_01.uasset" 103
"D:/Documents/Unreal Projects/Interloper 4.20/Content/Blueprints/Weapons/BP_weapon_base.uasset" 104
"D:/Documents/Unreal Projects/Interloper 4.20/Content/Blueprints/Objectives/BP_player_save.uasset" 105
"D:/Documents/Unreal Projects/Interloper 4.20/Content/Audio/Effects/A_rifle_shoot.uasset" 106
"D:/Documents/Unreal Projects/Interloper 4.20/Content/Audio/Effects/C_rifle_shoot_medium.uasset" 107
"D:/Documents/Unreal Projects/Interloper 4.20/Content/StarterContent/Materials/M_Basic_Floor.uasset" 108
"D:/Documents/Unreal Projects/Interloper 4.20/Content/Meshes_Static/Weapons/SimpleWeapons/assault_rifle.uasset" 109
"D:/Documents/Unreal Projects/Interloper 4.20/Content/Textures/UI/Icon_Assault_Rifle.uasset" 110
"D:/Documents/Unreal Projects/Interloper 4.20/Content/Blueprints/Weapons/BP_assault_rifle.uasset" 111
"D:/Documents/Unreal Projects/Interloper 4.20/Content/Meshes_Static/Weapons/SimpleWeapons/battle_rifle.uasset" 112
"D:/Documents/Unreal Projects/Interloper 4.20/Content/Textures/UI/Icon_Battle_Rifle.uasset" 113
"D:/Documents/Unreal Projects/Interloper 4.20/Content/Blueprints/Weapons/BP_battle_rifle.uasset" 114
"D:/Documents/Unreal Projects/Interloper 4.20/Content/Meshes_Static/Weapons/SimpleWeapons/dmr.uasset" 115
"D:/Documents/Unreal Projects/Interloper 4.20/Content/Textures/UI/Icon_DMR.uasset" 116
"D:/Documents/Unreal Projects/Interloper 4.20/Content/Blueprints/Weapons/BP_dmr.uasset" 117
"D:/Documents/Unreal Projects/Interloper 4.20/Content/Blueprints/Projectiles/Player/BP_base_bullet.uasset" 118
"D:/Documents/Unreal Projects/Interloper 4.20/Content/Blueprints/Projectiles/Player/BP_player_grenade.uasset" 119
"D:/Documents/Unreal Projects/Interloper 4.20/Content/Audio/Effects/C_reload03.uasset" 120
"D:/Documents/Unreal Projects/Interloper 4.20/Content/Audio/Effects/A_gunshot01.uasset" 121
"D:/Documents/Unreal Projects/Interloper 4.20/Content/Audio/Effects/C_shoot05.uasset" 122
"D:/Documents/Unreal Projects/Interloper 4.20/Content/Meshes_Static/Weapons/SimpleWeapons/grenade_launcher.uasset" 123
"D:/Documents/Unreal Projects/Interloper 4.20/Content/Textures/UI/Icon_Grenade.uasset" 124
"D:/Documents/Unreal Projects/Interloper 4.20/Content/Blueprints/Weapons/BP_grenade_launcher.uasset" 125
"D:/Documents/Unreal Projects/Interloper 4.20/Content/Audio/Effects/C_reload01.uasset" 126
"D:/Documents/Unreal Projects/Interloper 4.20/Content/Audio/Effects/C_rifle_shoot_small.uasset" 127
"D:/Documents/Unreal Projects/Interloper 4.20/Content/Meshes_Static/Weapons/SimpleWeapons/pistol.uasset" 128
"D:/Documents/Unreal Projects/Interloper 4.20/Content/Textures/UI/Icon_Pistol.uasset" 129
"D:/Documents/Unreal Projects/Interloper 4.20/Content/Blueprints/Weapons/BP_pistol.uasset" 130
"D:/Documents/Unreal Projects/Interloper 4.20/Content/Blueprints/Projectiles/Player/BP_player_rocket.uasset" 131
"D:/Documents/Unreal Projects/Interloper 4.20/Content/Meshes_Static/Weapons/SimpleWeapons/rpg.uasset" 132
"D:/Documents/Unreal Projects/Interloper 4.20/Content/Textures/UI/Icon_RPG.uasset" 133
"D:/Documents/Unreal Projects/Interloper 4.20/Content/Blueprints/Weapons/BP_rocket_launcher.uasset" 134
"D:/Documents/Unreal Projects/Interloper 4.20/Content/Meshes_Static/Weapons/SimpleWeapons/shotgun.uasset" 135
"D:/Documents/Unreal Projects/Interloper 4.20/Content/Textures/UI/Icon_Shotgun.uasset" 136
"D:/Documents/Unreal Projects/Interloper 4.20/Content/Blueprints/Weapons/BP_shotgun.uasset" 137
"D:/Documents/Unreal Projects/Interloper 4.20/Content/Audio/Effects/C_rifle_shoot_large.uasset" 138
"D:/Documents/Unreal Projects/Interloper 4.20/Content/Meshes_Static/Weapons/SimpleWeapons/sniper_rifle.uasset" 139
"D:/Documents/Unreal Projects/Interloper 4.20/Content/Textures/UI/Icon_Sniper.uasset" 140
"D:/Documents/Unreal Projects/Interloper 4.20/Content/Blueprints/Weapons/BP_sniper_rifle.uasset" 141
"D:/Documents/Unreal Projects/Interloper 4.20/Content/FirstPersonBP/Blueprints/FirstPersonHUD.uasset" 142
"D:/Documents/Unreal Projects/Interloper 4.20/Content/Audio/Effects/A_menu_select_2.uasset" 143
"D:/Documents/Unreal Projects/Interloper 4.20/Content/Blueprints/UMG/UI_death_screen.uasset" 144
"D:/Documents/Unreal Projects/Interloper 4.20/Content/FirstPersonBP/Blueprints/FirstPersonGameMode.uasset" 145
"D:/Documents/Unreal Projects/Interloper 4.20/Content/StarterContent/Textures/T_MacroVariation.uasset" 146
"D:/Documents/Unreal Projects/Interloper 4.20/Content/StarterContent/Materials/M_Metal_Chrome.uasset" 147
"D:/Documents/Unreal Projects/Interloper 4.20/Content/Textures/UI/wheel_gradient_01.uasset" 148
"D:/Documents/Unreal Projects/Interloper 4.20/Content/Textures/UI/wheel_select_01.uasset" 149
"D:/Documents/Unreal Projects/Interloper 4.20/Content/Blueprints/UMG/UI_weapon_wheel.uasset" 150
"D:/Documents/Unreal Projects/Interloper 4.20/Content/Audio/Effects/A_objective_2.uasset" 151
"D:/Documents/Unreal Projects/Interloper 4.20/Content/Audio/Effects/C_objective.uasset" 152
"D:/Documents/Unreal Projects/Interloper 4.20/Content/Blueprints/Objectives/UI_objectives.uasset" 153
"D:/Documents/Unreal Projects/Interloper 4.20/Content/Blueprints/UMG/UI_pause_menu.uasset" 154
"D:/Documents/Unreal Projects/Interloper 4.20/Content/FirstPerson/Character/Materials/MaterialLayers/T_ML_Rubber_Blue_01_D.uasset" 155
"D:/Documents/Unreal Projects/Interloper 4.20/Content/FirstPerson/Character/Materials/MaterialLayers/T_ML_Rubber_Blue_01_N.uasset" 156
"D:/Documents/Unreal Projects/Interloper 4.20/Content/FirstPerson/Character/Materials/MaterialLayers/ML_GlossyBlack_Latex_UE4.uasset" 157
"D:/Documents/Unreal Projects/Interloper 4.20/Content/FirstPerson/Character/Materials/MaterialLayers/ML_Plastic_Shiny_Beige.uasset" 158
"D:/Documents/Unreal Projects/Interloper 4.20/Content/FirstPerson/Character/Textures/UE4_LOGO_CARD.uasset" 159
"D:/Documents/Unreal Projects/Interloper 4.20/Content/FirstPerson/Character/Materials/MaterialLayers/ML_Plastic_Shiny_Beige_LOGO.uasset" 160
"D:/Documents/Unreal Projects/Interloper 4.20/Content/FirstPerson/Character/Materials/MaterialLayers/T_ML_Aluminum01.uasset" 161
"D:/Documents/Unreal Projects/Interloper 4.20/Content/FirstPerson/Character/Materials/MaterialLayers/T_ML_Aluminum01_N.uasset" 162
"D:/Documents/Unreal Projects/Interloper 4.20/Content/FirstPerson/Character/Materials/MaterialLayers/ML_SoftMetal_UE4.uasset" 163
"D:/Documents/Unreal Projects/Interloper 4.20/Content/FirstPerson/Character/Textures/UE4_Mannequin__normals.uasset" 164
"D:/Documents/Unreal Projects/Interloper 4.20/Content/FirstPerson/Character/Textures/UE4_Mannequin_MAT_MASKA.uasset" 165
"D:/Documents/Unreal Projects/Interloper 4.20/Content/FirstPerson/Character/Materials/M_UE4Man_Body.uasset" 166
"D:/Documents/Unreal Projects/Interloper 4.20/Content/FirstPerson/Character/Mesh/SK_Mannequin_Arms_PhysicsAsset.uasset" 167
"D:/Documents/Unreal Projects/Interloper 4.20/Content/FirstPerson/Character/Mesh/SK_Mannequin_Arms.uasset" 168
"D:/Documents/Unreal Projects/Interloper 4.20/Content/FirstPerson/FPWeapon/Materials/MaterialLayers/T_ML_Rubber_Blue_01_D.uasset" 169
"D:/Documents/Unreal Projects/Interloper 4.20/Content/FirstPerson/FPWeapon/Materials/MaterialLayers/T_ML_Rubber_Blue_01_N.uasset" 170
"D:/Documents/Unreal Projects/Interloper 4.20/Content/FirstPerson/FPWeapon/Materials/MaterialLayers/ML_GlossyBlack_Latex_UE4.uasset" 171
"D:/Documents/Unreal Projects/Interloper 4.20/Content/FirstPerson/FPWeapon/Materials/MaterialLayers/ML_Plastic_Shiny_Beige.uasset" 172
"D:/Documents/Unreal Projects/Interloper 4.20/Content/FirstPerson/FPWeapon/Materials/MaterialLayers/ML_Screen.uasset" 173
"D:/Documents/Unreal Projects/Interloper 4.20/Content/FirstPerson/FPWeapon/Materials/MaterialLayers/T_ML_Aluminum01.uasset" 174
"D:/Documents/Unreal Projects/Interloper 4.20/Content/FirstPerson/FPWeapon/Materials/MaterialLayers/T_ML_Aluminum01_N.uasset" 175
"D:/Documents/Unreal Projects/Interloper 4.20/Content/FirstPerson/FPWeapon/Materials/MaterialLayers/ML_SoftMetal_UE4.uasset" 176
"D:/Documents/Unreal Projects/Interloper 4.20/Content/FirstPerson/FPWeapon/Textures/T_FPGun_M.uasset" 177
"D:/Documents/Unreal Projects/Interloper 4.20/Content/FirstPerson/FPWeapon/Textures/T_FPGun_N.uasset" 178
"D:/Documents/Unreal Projects/Interloper 4.20/Content/FirstPerson/FPWeapon/Materials/M_FPGun.uasset" 179
"D:/Documents/Unreal Projects/Interloper 4.20/Content/FirstPerson/FPWeapon/Mesh/SK_FPGun_Skeleton.uasset" 180
"D:/Documents/Unreal Projects/Interloper 4.20/Content/FirstPerson/FPWeapon/Mesh/SK_FPGun.uasset" 181
"D:/Documents/Unreal Projects/Interloper 4.20/Content/Blueprints/Characters/FirstPersonCharacter.uasset" 182
"D:/Documents/Unreal Projects/Interloper 4.20/Content/Blueprints/Projectiles/Enemy/BP_base_enemy_bullet.uasset" 183
"D:/Documents/Unreal Projects/Interloper 4.20/Content/Blueprints/Characters/Enemies/UI_enemy_health.uasset" 184
"D:/Documents/Unreal Projects/Interloper 4.20/Content/Audio/Effects/C_shoot03.uasset" 185
"D:/Documents/Unreal Projects/Interloper 4.20/Content/Audio/Effects/C_Small_Explosion.uasset" 186
"D:/Documents/Unreal Projects/Interloper 4.20/Content/Audio/SA_enemy.uasset" 187
"D:/Documents/Unreal Projects/Interloper 4.20/Content/Materials/concrete_raw_panels.uasset" 188
"D:/Documents/Unreal Projects/Interloper 4.20/Content/Textures/Raw_Concrete_Panels_INST.uasset" 189
"D:/Documents/Unreal Projects/Interloper 4.20/Content/Textures/Raw_Concrete_Panels_INST_basecolor.uasset" 190
"D:/Documents/Unreal Projects/Interloper 4.20/Content/Textures/Raw_Concrete_Panels_INST_metallic.uasset" 191
"D:/Documents/Unreal Projects/Interloper 4.20/Content/Textures/Raw_Concrete_Panels_INST_normal.uasset" 192
"D:/Documents/Unreal Projects/Interloper 4.20/Content/Textures/Raw_Concrete_Panels_INST_roughness.uasset" 193
"D:/Documents/Unreal Projects/Interloper 4.20/Content/Materials/Raw_Concrete_Panels_MAT.uasset" 194
"D:/Documents/Unreal Projects/Interloper 4.20/Content/Meshes_Static/Enemies/SM_base_enemy.uasset" 195
"D:/Documents/Unreal Projects/Interloper 4.20/Content/Blueprints/Characters/Enemies/BP_base_enemy.uasset" 196
"D:/Documents/Unreal Projects/Interloper 4.20/Content/Materials/M_emissive_red.uasset" 197
"D:/Documents/Unreal Projects/Interloper 4.20/Content/Blueprints/Characters/Enemies/BP_enemy_bomb.uasset" 198
"../../../Engine/Content/EngineSky/C_Sky_Cloud_Color.uasset" 199
"../../../Engine/Content/EngineSky/C_Sky_Horizon_Color.uasset" 200
"../../../Engine/Content/EngineSky/C_Sky_Zenith_Color.uasset" 201
"../../../Engine/Content/EngineSky/T_Sky_Blue.uasset" 202
"../../../Engine/Content/EngineSky/T_Sky_Clouds_M.uasset" 203
"../../../Engine/Content/EngineSky/T_Sky_Stars.uasset" 204
"../../../Engine/Content/EngineSky/M_Sky_Panning_Clouds2.uasset" 205
"../../../Engine/Content/EngineSky/SM_SkySphere.uasset" 206
"D:/Documents/Unreal Projects/Interloper 4.20/Content/Blueprints/Environment/BP_Sky_Sphere_day.uasset" 207
"../../../Engine/Content/BasicShapes/BasicShapeMaterial.uasset" 208
"D:/Documents/Unreal Projects/Interloper 4.20/Content/Meshes_Static/Environment/pyramidEntry01.uasset" 209
"D:/Documents/Unreal Projects/Interloper 4.20/Content/Blueprints/Environment/Doors/BP_doubleDoors01.uasset" 210
"D:/Documents/Unreal Projects/Interloper 4.20/Content/StarterContent/Textures/T_Fire_SubUV.uasset" 211
"D:/Documents/Unreal Projects/Interloper 4.20/Content/StarterContent/Textures/T_Fire_Tiled_D.uasset" 212
"D:/Documents/Unreal Projects/Interloper 4.20/Content/StarterContent/Particles/Materials/M_Fire_SubUV.uasset" 213
"D:/Documents/Unreal Projects/Interloper 4.20/Content/StarterContent/Textures/T_Water_N.uasset" 214
"D:/Documents/Unreal Projects/Interloper 4.20/Content/StarterContent/Particles/Materials/M_Heat_Distortion.uasset" 215
"D:/Documents/Unreal Projects/Interloper 4.20/Content/StarterContent/Particles/Materials/M_Radial_Gradient.uasset" 216
"D:/Documents/Unreal Projects/Interloper 4.20/Content/Particles/P_Fire_black.uasset" 217
"D:/Documents/Unreal Projects/Interloper 4.20/Content/Blueprints/Environment/Doors/BP_level_portal_sphere.uasset" 218
"D:/Documents/Unreal Projects/Interloper 4.20/Content/Blueprints/Environment/Props/BP_menu_eclipse.uasset" 219
"D:/Documents/Unreal Projects/Interloper 4.20/Content/Blueprints/Projectiles/Player/BP_enemy_bullet.uasset" 220
"D:/Documents/Unreal Projects/Interloper 4.20/Content/Blueprints/Projectiles/Player/BP_enemy_ranged_bullet.uasset" 221
"D:/Documents/Unreal Projects/Interloper 4.20/Content/Blueprints/UMG/UI_interact_prompt.uasset" 222
"D:/Documents/Unreal Projects/Interloper 4.20/Content/Meshes_Static/Weapons/SimpleWeapons/charge_rifle.uasset" 223
"D:/Documents/Unreal Projects/Interloper 4.20/Content/Textures/UI/Icon_Railgun.uasset" 224
"D:/Documents/Unreal Projects/Interloper 4.20/Content/Blueprints/Weapons/BP_charge_rifle.uasset" 225
"D:/Documents/Unreal Projects/Interloper 4.20/Content/FirstPerson/Audio/FirstPersonTemplateWeaponFire02.uasset" 226
"D:/Documents/Unreal Projects/Interloper 4.20/Content/FirstPerson/FPWeapon/Materials/MaterialLayers/ML_Plastic_Shiny_Beige_LOGO.uasset" 227
"D:/Documents/Unreal Projects/Interloper 4.20/Content/FirstPerson/FPWeapon/Materials/MaterialLayers/T_ML_FineRubber.uasset" 228
"D:/Documents/Unreal Projects/Interloper 4.20/Content/FirstPerson/FPWeapon/Mesh/SK_FPGun_PhysicsAsset.uasset" 229
"D:/Documents/Unreal Projects/Interloper 4.20/Content/FirstPerson/Textures/FirstPersonCrosshair.uasset" 230
"D:/Documents/Unreal Projects/Interloper 4.20/Content/FirstPerson/Meshes/BaseMaterial.uasset" 231
"D:/Documents/Unreal Projects/Interloper 4.20/Content/FirstPerson/Meshes/FirstPersonProjectileMaterial.uasset" 232
"D:/Documents/Unreal Projects/Interloper 4.20/Content/FirstPerson/Meshes/FirstPersonProjectileMesh.uasset" 233
"D:/Documents/Unreal Projects/Interloper 4.20/Content/FirstPersonBP/Blueprints/FirstPersonProjectile.uasset" 234
"D:/Documents/Unreal Projects/Interloper 4.20/Content/Mannequin/Animations/ThirdPersonJump_End.uasset" 235
"D:/Documents/Unreal Projects/Interloper 4.20/Content/Materials/M_emissive_green.uasset" 236
"D:/Documents/Unreal Projects/Interloper 4.20/Content/Textures/grayscale_noise_64x64.uasset" 237
"D:/Documents/Unreal Projects/Interloper 4.20/Content/Materials/M_white_indented.uasset" 238
"D:/Documents/Unreal Projects/Interloper 4.20/Content/Meshes_Skeletal/SK_shotgun_PhysicsAsset.uasset" 239
"D:/Documents/Unreal Projects/Interloper 4.20/Content/Meshes_Skeletal/SK_shotgun.uasset" 240
"D:/Documents/Unreal Projects/Interloper 4.20/Content/Meshes_Static/Weapons/shotgun.uasset" 241
"D:/Documents/Unreal Projects/Interloper 4.20/Content/Meshes_Static/Weapons/SM_pistol.uasset" 242
"D:/Documents/Unreal Projects/Interloper 4.20/Content/Meshes_Static/Weapons/SM_pistol_2.uasset" 243
"D:/Documents/Unreal Projects/Interloper 4.20/Content/Meshes_Static/Weapons/SM_rocket_launcher.uasset" 244
"D:/Documents/Unreal Projects/Interloper 4.20/Content/Materials/M_weapon_chrome.uasset" 245
"D:/Documents/Unreal Projects/Interloper 4.20/Content/Meshes_Static/Weapons/SM_shotgun_2.uasset" 246
"D:/Documents/Unreal Projects/Interloper 4.20/Content/Meshes_Static/Weapons/SM_shotgun_3.uasset" 247
"D:/Documents/Unreal Projects/Interloper 4.20/Content/Meshes_Static/Weapons/SM_smg.uasset" 248
"D:/Documents/Unreal Projects/Interloper 4.20/Content/StarterContent/Materials/M_Basic_Wall.uasset" 249
"D:/Documents/Unreal Projects/Interloper 4.20/Content/StarterContent/Architecture/Pillar_50x500.uasset" 250
"D:/Documents/Unreal Projects/Interloper 4.20/Content/StarterContent/Architecture/Wall_400x300.uasset" 251
"D:/Documents/Unreal Projects/Interloper 4.20/Content/StarterContent/Architecture/Wall_400x400.uasset" 252
"D:/Documents/Unreal Projects/Interloper 4.20/Content/StarterContent/Architecture/Wall_500x500.uasset" 253
"D:/Documents/Unreal Projects/Interloper 4.20/Content/StarterContent/Architecture/Wall_Door_400x400.uasset" 254
"D:/Documents/Unreal Projects/Interloper 4.20/Content/StarterContent/Architecture/Wall_Window_400x400.uasset" 255
"D:/Documents/Unreal Projects/Interloper 4.20/Content/StarterContent/Audio/Collapse01.uasset" 256
"D:/Documents/Unreal Projects/Interloper 4.20/Content/StarterContent/Audio/Collapse02.uasset" 257
"D:/Documents/Unreal Projects/Interloper 4.20/Content/StarterContent/Audio/Explosion01.uasset" 258
"D:/Documents/Unreal Projects/Interloper 4.20/Content/StarterContent/Audio/Explosion02.uasset" 259
"D:/Documents/Unreal Projects/Interloper 4.20/Content/StarterContent/Audio/Fire01.uasset" 260
"D:/Documents/Unreal Projects/Interloper 4.20/Content/StarterContent/Audio/Fire_Sparks01.uasset" 261
"D:/Documents/Unreal Projects/Interloper 4.20/Content/StarterContent/Audio/Light01.uasset" 262
"D:/Documents/Unreal Projects/Interloper 4.20/Content/StarterContent/Audio/Light01_Cue.uasset" 263
"D:/Documents/Unreal Projects/Interloper 4.20/Content/StarterContent/Audio/Light02.uasset" 264
"D:/Documents/Unreal Projects/Interloper 4.20/Content/StarterContent/Audio/Light02_Cue.uasset" 265
"D:/Documents/Unreal Projects/Interloper 4.20/Content/StarterContent/Audio/Smoke01.uasset" 266
"D:/Documents/Unreal Projects/Interloper 4.20/Content/StarterContent/Audio/Starter_Birds01.uasset" 267
"D:/Documents/Unreal Projects/Interloper 4.20/Content/StarterContent/Audio/Starter_Music01.uasset" 268
"D:/Documents/Unreal Projects/Interloper 4.20/Content/StarterContent/Audio/Starter_Wind05.uasset" 269
"D:/Documents/Unreal Projects/Interloper 4.20/Content/StarterContent/Audio/Starter_Wind06.uasset" 270
"D:/Documents/Unreal Projects/Interloper 4.20/Content/StarterContent/Audio/Steam01.uasset" 271
"D:/Documents/Unreal Projects/Interloper 4.20/Content/StarterContent/Audio/Explosion_Cue.uasset" 272
"D:/Documents/Unreal Projects/Interloper 4.20/Content/StarterContent/Particles/P_Explosion.uasset" 273
"D:/Documents/Unreal Projects/Interloper 4.20/Content/StarterContent/Blueprints/Blueprint_Effect_Explosion.uasset" 274
"../../../Engine/Content/EditorMeshes/ColorCalibrator/T_ColorGrid.uasset" 275
"D:/Documents/Unreal Projects/Interloper 4.20/Content/StarterContent/Materials/M_ColorGrid_LowSpec.uasset" 276
"D:/Documents/Unreal Projects/Interloper 4.20/Content/StarterContent/Textures/T_Bush_D.uasset" 277
"D:/Documents/Unreal Projects/Interloper 4.20/Content/StarterContent/Textures/T_Bush_N.uasset" 278
"D:/Documents/Unreal Projects/Interloper 4.20/Content/StarterContent/Props/Materials/M_Bush.uasset" 279
"D:/Documents/Unreal Projects/Interloper 4.20/Content/StarterContent/Props/SM_Bush.uasset" 280
"D:/Documents/Unreal Projects/Interloper 4.20/Content/StarterContent/Textures/T_Chair_M.uasset" 281
"D:/Documents/Unreal Projects/Interloper 4.20/Content/StarterContent/Textures/T_Chair_N.uasset" 282
"D:/Documents/Unreal Projects/Interloper 4.20/Content/StarterContent/Props/Materials/M_Chair.uasset" 283
"D:/Documents/Unreal Projects/Interloper 4.20/Content/StarterContent/Props/SM_Couch.uasset" 284
"D:/Documents/Unreal Projects/Interloper 4.20/Content/StarterContent/Materials/M_Glass.uasset" 285
"D:/Documents/Unreal Projects/Interloper 4.20/Content/StarterContent/Textures/T_Door_M.uasset" 286
"D:/Documents/Unreal Projects/Interloper 4.20/Content/StarterContent/Textures/T_Door_N.uasset" 287
"D:/Documents/Unreal Projects/Interloper 4.20/Content/StarterContent/Props/Materials/M_Door.uasset" 288
"D:/Documents/Unreal Projects/Interloper 4.20/Content/StarterContent/Props/SM_Door.uasset" 289
"D:/Documents/Unreal Projects/Interloper 4.20/Content/StarterContent/Props/Materials/M_MaterialSphere.uasset" 290
"D:/Documents/Unreal Projects/Interloper 4.20/Content/StarterContent/Props/Materials/M_MaterialSphere_Plain.uasset" 291
"D:/Documents/Unreal Projects/Interloper 4.20/Content/StarterContent/Props/SM_MatPreviewMesh_02.uasset" 292
"D:/Documents/Unreal Projects/Interloper 4.20/Content/StarterContent/Textures/T_Detail_Rocky_N.uasset" 293
"D:/Documents/Unreal Projects/Interloper 4.20/Content/StarterContent/Textures/T_Rock_Basalt_D.uasset" 294
"D:/Documents/Unreal Projects/Interloper 4.20/Content/StarterContent/Textures/T_RockMesh_M.uasset" 295
"D:/Documents/Unreal Projects/Interloper 4.20/Content/StarterContent/Textures/T_RockMesh_N.uasset" 296
"D:/Documents/Unreal Projects/Interloper 4.20/Content/StarterContent/Props/Materials/M_Rock.uasset" 297
"D:/Documents/Unreal Projects/Interloper 4.20/Content/StarterContent/Props/SM_Rock.uasset" 298
"D:/Documents/Unreal Projects/Interloper 4.20/Content/StarterContent/Textures/T_Shelf_M.uasset" 299
"D:/Documents/Unreal Projects/Interloper 4.20/Content/StarterContent/Textures/T_Shelf_N.uasset" 300
"D:/Documents/Unreal Projects/Interloper 4.20/Content/StarterContent/Props/Materials/M_Shelf.uasset" 301
"D:/Documents/Unreal Projects/Interloper 4.20/Content/StarterContent/Props/SM_Shelf.uasset" 302
"D:/Documents/Unreal Projects/Interloper 4.20/Content/StarterContent/Props/SM_Stairs.uasset" 303
"D:/Documents/Unreal Projects/Interloper 4.20/Content/StarterContent/Shapes/Shape_Cone.uasset" 304
"D:/Documents/Unreal Projects/Interloper 4.20/Content/StarterContent/Shapes/Shape_NarrowCapsule.uasset" 305
"D:/Documents/Unreal Projects/Interloper 4.20/Content/StarterContent/Shapes/Shape_Pipe.uasset" 306
"D:/Documents/Unreal Projects/Interloper 4.20/Content/StarterContent/Shapes/Shape_Pipe_180.uasset" 307
"D:/Documents/Unreal Projects/Interloper 4.20/Content/StarterContent/Shapes/Shape_Pipe_90.uasset" 308
"D:/Documents/Unreal Projects/Interloper 4.20/Content/StarterContent/Shapes/Shape_Plane.uasset" 309
"D:/Documents/Unreal Projects/Interloper 4.20/Content/StarterContent/Shapes/Shape_Torus.uasset" 310
"D:/Documents/Unreal Projects/Interloper 4.20/Content/StarterContent/Shapes/Shape_Trim.uasset" 311
"D:/Documents/Unreal Projects/Interloper 4.20/Content/StarterContent/Shapes/Shape_Trim_90_In.uasset" 312
"D:/Documents/Unreal Projects/Interloper 4.20/Content/StarterContent/Shapes/Shape_Trim_90_Out.uasset" 313
"D:/Documents/Unreal Projects/Interloper 4.20/Content/StarterContent/Shapes/Shape_TriPyramid.uasset" 314
"D:/Documents/Unreal Projects/Interloper 4.20/Content/StarterContent/Shapes/Shape_Tube.uasset" 315
"D:/Documents/Unreal Projects/Interloper 4.20/Content/StarterContent/Shapes/Shape_Wedge_A.uasset" 316
"D:/Documents/Unreal Projects/Interloper 4.20/Content/StarterContent/Shapes/Shape_Wedge_B.uasset" 317
"D:/Documents/Unreal Projects/Interloper 4.20/Content/StarterContent/Shapes/Shape_WideCapsule.uasset" 318
"D:/Documents/Unreal Projects/Interloper 4.20/Content/Textures/Raw_Concrete_Panels_INST_specular.uasset" 319
"D:/Documents/Unreal Projects/Interloper 4.20/Content/Textures/UI/T_play.uasset" 320
"D:/Documents/Unreal Projects/Interloper 4.20/Content/ThirdPersonBP/Blueprints/ThirdPersonCharacter.uasset" 321
"D:/Documents/Unreal Projects/Interloper 4.20/Content/ThirdPersonBP/Blueprints/ThirdPersonGameMode.uasset" 322
"../../../Engine/Content/ArtTools/RenderToTexture/Meshes/S_1_Unit_Plane.uasset" 323
"../../../Engine/Content/BasicShapes/Cone.uasset" 324
"../../../Engine/Content/EditorLandscapeResources/DataLayer.uasset" 325
"../../../Engine/Content/EditorMaterials/GizmoMaterial.uasset" 326
"../../../Engine/Content/EditorMaterials/MAT_Groups_Toggle.uasset" 327
"../../../Engine/Content/EditorMaterials/MAT_Groups_Visibility.uasset" 328
"../../../Engine/Content/EditorMaterials/PreviewShadowIndicator.uasset" 329
"../../../Engine/Content/EditorMaterials/PreviewShadowIndicatorMaterial.uasset" 330
"../../../Engine/Content/EditorMaterials/MatineeGroups/MAT_ColorTrack.uasset" 331
"../../../Engine/Content/EditorMaterials/MatineeGroups/MAT_Groups_Anim.uasset" 332
"../../../Engine/Content/EditorMaterials/MatineeGroups/MAT_Groups_AudioMaster.uasset" 333
"../../../Engine/Content/EditorMaterials/MatineeGroups/MAT_Groups_Director.uasset" 334
"../../../Engine/Content/EditorMaterials/MatineeGroups/MAT_Groups_Event.uasset" 335
"../../../Engine/Content/EditorMaterials/MatineeGroups/MAT_Groups_Fade.uasset" 336
"../../../Engine/Content/EditorMaterials/MatineeGroups/MAT_Groups_Float.uasset" 337
"../../../Engine/Content/EditorMaterials/MatineeGroups/MAT_Groups_Move.uasset" 338
"../../../Engine/Content/EditorMaterials/MatineeGroups/MAT_Groups_Slomo.uasset" 339
"../../../Engine/Content/EditorMaterials/MatineeGroups/MAT_Groups_Sound.uasset" 340
"../../../Engine/Content/EditorMaterials/MatineeGroups/MAT_Groups_Vector.uasset" 341
"../../../Engine/Content/EditorMaterials/ParticleSystems/PSysThumbnail_NoImage.uasset" 342
"../../../Engine/Content/EditorMaterials/ParticleSystems/PSysThumbnail_OOD.uasset" 343
"../../../Engine/Content/EditorMaterials/Camera/CineMat.uasset" 344
"../../../Engine/Content/EditorMaterials/Camera/MI_CineMat_Rig.uasset" 345
"../../../Engine/Content/EditorMeshes/Camera/SM_CraneRig_Arm.uasset" 346
"../../../Engine/Content/EditorMeshes/Camera/SM_CraneRig_Base.uasset" 347
"../../../Engine/Content/EditorMeshes/Camera/SM_CraneRig_Body.uasset" 348
"../../../Engine/Content/EditorMeshes/Camera/SM_CraneRig_Mount.uasset" 349
"../../../Engine/Content/EditorMeshes/Camera/SM_RailRig_Mount.uasset" 350
"../../../Engine/Content/EditorMeshes/Camera/SM_RailRig_Track.uasset" 351
"../../../Engine/Content/EditorResources/BSPVertex.uasset" 352
"../../../Engine/Content/EditorResources/EmptyActor.uasset" 353
"../../../Engine/Content/EditorResources/S_Actor.uasset" 354
"../../../Engine/Content/EditorResources/S_Trigger.uasset" 355
"../../../Engine/Content/EditorResources/AudioIcons/S_AudioComponent.uasset" 356
"../../../Engine/Content/EditorResources/AudioIcons/S_AudioComponent_AutoActivate.uasset" 357
"../../../Engine/Content/EditorResources/LightIcons/S_LightError.uasset" 358
"../../../Engine/Content/EditorResources/SequenceRecorder/Countdown.uasset" 359
"../../../Engine/Content/EditorResources/SequenceRecorder/RecordingIndicator.uasset" 360
"../../../Engine/Content/EditorSounds/Notifications/CompileFailed.uasset" 361
"../../../Engine/Content/EditorSounds/Notifications/CompileFailed_Cue.uasset" 362
"../../../Engine/Content/EditorSounds/Notifications/CompileSuccess.uasset" 363
"../../../Engine/Content/EditorSounds/Notifications/CompileStart_Cue.uasset" 364
"../../../Engine/Content/EditorSounds/Notifications/CompileSuccess_Cue.uasset" 365
"../../../Engine/Content/EngineDamageTypes/DmgTypeBP_Environmental.uasset" 366
"../../../Engine/Content/EngineDebugMaterials/HeatmapGradient.uasset" 367
"../../../Engine/Content/EngineDebugMaterials/BoneWeightMaterial.uasset" 368
"../../../Engine/Content/EngineDebugMaterials/ClothMaterial.uasset" 369
"../../../Engine/Content/EngineDebugMaterials/ClothMaterial_WF.uasset" 370
"../../../Engine/Content/EngineDebugMaterials/DebugEditorMaterial.uasset" 371
"../../../Engine/Content/EngineDebugMaterials/DebugMeshMaterial.uasset" 372
"../../../Engine/Content/EngineDebugMaterials/GeomMaterial.uasset" 373
"../../../Engine/Content/EngineDebugMaterials/M_SimpleTranslucent.uasset" 374
"../../../Engine/Content/EngineFonts/Faces/RobotoBold.uasset" 375
"../../../Engine/Content/EngineFonts/Faces/RobotoBoldItalic.uasset" 376
"../../../Engine/Content/EngineFonts/Faces/RobotoItalic.uasset" 377
"../../../Engine/Content/EngineFonts/Faces/RobotoLight.uasset" 378
"../../../Engine/Content/EngineFonts/Faces/RobotoRegular.uasset" 379
"../../../Engine/Content/EngineFonts/Roboto.uasset" 380
"../../../Engine/Content/EngineFonts/Faces/RobotoTiny.uasset" 381
"../../../Engine/Content/EngineFonts/RobotoTiny.uasset" 382
"../../../Engine/Content/EngineMaterials/BaseFlattenDiffuseMap.uasset" 383
"../../../Engine/Content/EngineMaterials/BaseFlattenEmissiveMap.uasset" 384
"../../../Engine/Content/EngineMaterials/BaseFlattenGrayscaleMap.uasset" 385
"../../../Engine/Content/EngineMaterials/BaseFlattenNormalMap.uasset" 386
"../../../Engine/Content/EngineMaterials/BaseFlattenMaterial.uasset" 387
"../../../Engine/Content/EngineMaterials/DefaultBloomKernel.uasset" 388
"../../../Engine/Content/EngineMaterials/DefaultBokeh.uasset" 389
"../../../Engine/Content/EngineMaterials/DefaultDiffuse.uasset" 390
"../../../Engine/Content/EngineMaterials/DefaultDeferredDecalMaterial.uasset" 391
"../../../Engine/Content/EngineMaterials/DefaultLightFunctionMaterial.uasset" 392
"../../../Engine/Content/Functions/Engine_MaterialFunctions02/Utility/BreakOutFloat2Components.uasset" 393
"../../../Engine/Content/EngineMaterials/DefaultPostProcessMaterial.uasset" 394
"../../../Engine/Content/EngineFonts/RobotoDistanceField.uasset" 395
"../../../Engine/Content/EngineMaterials/DefaultTextMaterialOpaque.uasset" 396
"../../../Engine/Content/EngineMaterials/DefaultWhiteGrid.uasset" 397
"../../../Engine/Content/EngineMaterials/EditorBrushMaterial.uasset" 398
"../../../Engine/Content/EngineMaterials/Good64x64TilingNoiseHighFreq.uasset" 399
"../../../Engine/Content/EngineMaterials/MiniFont.uasset" 400
"../../../Engine/Content/EngineMaterials/InvalidLightmapSettings.uasset" 401
"../../../Engine/Content/EngineMaterials/M_InvalidLightmapSettings.uasset" 402
"../../../Engine/Content/Functions/Engine_MaterialFunctions02/WorldPositionOffset/CameraOffset.uasset" 403
"../../../Engine/Content/EngineMaterials/PhAT_JointLimitMaterial.uasset" 404
"../../../Engine/Content/EngineMaterials/PreintegratedSkinBRDF.uasset" 405
"../../../Engine/Content/EngineMaterials/RemoveSurfaceMaterial.uasset" 406
"../../../Engine/Content/EngineMaterials/WeightMapPlaceholderTexture.uasset" 407
"../../../Engine/Content/EngineResources/WhiteSquareTexture.uasset" 408
"../../../Engine/Content/EngineMaterials/Widget3DPassThrough.uasset" 409
"../../../Engine/Content/EngineMaterials/Widget3DPassThrough_Masked.uasset" 410
"../../../Engine/Content/EngineMaterials/Widget3DPassThrough_Opaque.uasset" 411
"../../../Engine/Content/EngineMaterials/Widget3DPassThrough_Masked_OneSided.uasset" 412
"../../../Engine/Content/EngineMaterials/Widget3DPassThrough_Opaque_OneSided.uasset" 413
"../../../Engine/Content/EngineMaterials/Widget3DPassThrough_Translucent.uasset" 414
"../../../Engine/Content/EngineMaterials/Widget3DPassThrough_Translucent_OneSided.uasset" 415
"../../../Engine/Content/EngineMeshes/Cylinder.uasset" 416
"../../../Engine/Content/EngineMeshes/Sphere.uasset" 417
"../../../Engine/Content/EngineResources/Black.uasset" 418
"../../../Engine/Content/EngineResources/DefaultTexture.uasset" 419
"../../../Engine/Content/EngineResources/DefaultTextureCube.uasset" 420
"../../../Engine/Content/EngineResources/DefaultVolumeTexture2D.uasset" 421
"../../../Engine/Content/EngineResources/DefaultVolumeTexture.uasset" 422
"../../../Engine/Content/EngineResources/GradientTexture0.uasset" 423
"../../../Engine/Content/EngineSounds/Master.uasset" 424
"../../../Engine/Content/Functions/Engine_MaterialFunctions01/Shading/ConvertFromDiffSpec.uasset" 425
"../../../Engine/Content/Functions/Engine_MaterialFunctions01/Shading/PowerToRoughness.uasset" 426
"../../../Engine/Content/Maps/Templates/Thumbnails/Default.uasset" 427
"../../../Engine/Content/Maps/Templates/Thumbnails/VR-Basic.uasset" 428
"../../../Engine/Content/MobileResources/T_MobileControls_texture.uasset" 429
"../../../Engine/Content/MobileResources/T_MobileMenu2.uasset" 430
"../../../Engine/Content/MobileResources/HUD/AnalogHat.uasset" 431
"../../../Engine/Content/MobileResources/HUD/VirtualJoystick_Background.uasset" 432
"../../../Engine/Content/MobileResources/HUD/VirtualJoystick_Thumb.uasset" 433
"../../../Engine/Content/MobileResources/HUD/DefaultVirtualJoysticks.uasset" 434
"../../../Engine/Content/MobileResources/HUD/LeftVirtualJoystickOnly.uasset" 435
"../../../Engine/Content/MobileResources/HUD/MobileHUDButton1_off.uasset" 436
"../../../Engine/Content/MobileResources/HUD/MobileHUDButton1_on.uasset" 437
"../../../Engine/Content/MobileResources/HUD/MobileHUDButton2_off.uasset" 438
"../../../Engine/Content/MobileResources/HUD/MobileHUDButton2_on.uasset" 439
"../../../Engine/Content/MobileResources/HUD/MobileHUDButton3.uasset" 440
"../../../Engine/Content/MobileResources/HUD/MobileHUDButtonFire.uasset" 441
"../../../Engine/Content/MobileResources/HUD/MobileHUDDirectionPad.uasset" 442
"../../../Engine/Content/MobileResources/HUD/MobileHUDDirectionPad2.uasset" 443
"../../../Engine/Content/MobileResources/HUD/MobileHUDDirectionPad3.uasset" 444
"../../../Engine/Content/MobileResources/HUD/MobileHUDDirectionStick.uasset" 445
"../../../Engine/Content/MobileResources/HUD/T_Castle_ThumbstickInner.uasset" 446
"../../../Engine/Content/MobileResources/HUD/T_Castle_ThumbstickOutter.uasset" 447
"../../../Engine/Content/Tutorial/ContentIntroCurve.uasset" 448
"../../../Engine/Content/Tutorial/Basics/TutorialAssets/icon_tab_Levels_40x.uasset" 449
"../../../Engine/Content/Tutorial/BlueprintTutorials/TutorialAssets/Blueprint_64x.uasset" 450
"../../../Engine/Content/Tutorial/Landscape/TutorialAssets/Landscape.uasset" 451
"../../../Engine/Content/Tutorial/SubEditors/TutorialAssets/TutorialMaterial.uasset" 452
"../../../Engine/Content/VREditor/LaserPointer/VR_LaserPower_01.uasset" 453
"../../../Engine/Content/VREditor/TransformGizmo/TransformGizmoMaterial.uasset" 454
"../../../Engine/Content/VREditor/TransformGizmo/TranslucentTransformGizmoMaterial.uasset" 455
"../../../Engine/Content/VREditor/TransformGizmo/BoundingBoxCorner.uasset" 456
"../../../Engine/Content/VREditor/TransformGizmo/BoundingBoxEdge.uasset" 457
"../../../Engine/Content/VREditor/TransformGizmo/PlaneTranslationHandle.uasset" 458
"../../../Engine/Content/VREditor/TransformGizmo/Main.uasset" 459
"../../../Engine/Content/VREditor/TransformGizmo/Xray.uasset" 460
"../../../Engine/Content/VREditor/TransformGizmo/SM_Sequencer_Key.uasset" 461
"../../../Engine/Content/VREditor/TransformGizmo/SM_Sequencer_Node.uasset" 462
"../../Plugins/2D/Paper2D/Content/PlaceholderTextures/DummySpriteTexture.uasset" 463
"../../Plugins/2D/Paper2D/Content/DummySprite.uasset" 464
"../../Plugins/2D/Paper2D/Content/DefaultPaperTerrainMaterial.uasset" 465
"../../Plugins/2D/Paper2D/Content/DefaultSpriteMaterial.uasset" 466
"../../Plugins/2D/Paper2D/Content/MaskedUnlitSpriteMaterial.uasset" 467
"../../Plugins/2D/Paper2D/Content/OpaqueUnlitSpriteMaterial.uasset" 468
"../../../Engine/Content/EngineSky/BP_Sky_Sphere.uasset" 469
"D:/Documents/Unreal Projects/Interloper 4.20/Content/FirstPersonBP/Maps/FirstPersonExampleMap_BuiltData.uasset" 470
"../../../Engine/Content/Functions/Engine_MaterialFunctions03/Procedurals/ComputeFilterWidth.uasset" 471
"../../../Engine/Content/EngineMaterials/AntiAliasedTextMaterialTranslucent.uasset" 472
"D:/Documents/Unreal Projects/Interloper 4.20/Content/FirstPerson/Meshes/CubeMaterialOverride.uasset" 473
"D:/Documents/Unreal Projects/Interloper 4.20/Content/Geometry/Meshes/CubeMaterial.uasset" 474
"D:/Documents/Unreal Projects/Interloper 4.20/Content/Geometry/Meshes/1M_Cube.uasset" 475
"D:/Documents/Unreal Projects/Interloper 4.20/Content/FirstPersonBP/Maps/FirstPersonExampleMap.umap" 476
"D:/Documents/Unreal Projects/Interloper 4.20/Content/Blueprints/Projectiles/Enemy/BP_enemy_ranged_projectile.uasset" 477
"D:/Documents/Unreal Projects/Interloper 4.20/Content/Materials/M_red.uasset" 478
"D:/Documents/Unreal Projects/Interloper 4.20/Content/Meshes_Static/Enemies/ranged.uasset" 479
"D:/Documents/Unreal Projects/Interloper 4.20/Content/Blueprints/Characters/Enemies/BP_enemy_ranged.uasset" 480
"D:/Documents/Unreal Projects/Interloper 4.20/Content/Blueprints/Objectives/BP_checkpoint.uasset" 481
"D:/Documents/Unreal Projects/Interloper 4.20/Content/Blueprints/Environment/C_space_curve.uasset" 482
"D:/Documents/Unreal Projects/Interloper 4.20/Content/Blueprints/Environment/M_Sky_Panning_Clouds3.uasset" 483
"D:/Documents/Unreal Projects/Interloper 4.20/Content/Blueprints/Environment/BP_Sky_Sphere_Space.uasset" 484
"D:/Documents/Unreal Projects/Interloper 4.20/Content/StarterContent/Textures/T_Perlin_Noise_M.uasset" 485
"D:/Documents/Unreal Projects/Interloper 4.20/Content/StarterContent/Textures/T_Water_M.uasset" 486
"D:/Documents/Unreal Projects/Interloper 4.20/Content/Materials/M_Water_black.uasset" 487
"D:/Documents/Unreal Projects/Interloper 4.20/Content/Blueprints/Environment/Doors/BP_level_portal_box.uasset" 488
"D:/Documents/Unreal Projects/Interloper 4.20/Content/StarterContent/Shapes/Shape_Cube.uasset" 489
"D:/Documents/Unreal Projects/Interloper 4.20/Content/Blueprints/Environment/Interactables/BP_ammo_pickup.uasset" 490
"D:/Documents/Unreal Projects/Interloper 4.20/Content/Blueprints/Environment/Interactables/BP_death_volume.uasset" 491
"D:/Documents/Unreal Projects/Interloper 4.20/Content/Blueprints/Environment/Interactables/BP_health_pickup.uasset" 492
"D:/Documents/Unreal Projects/Interloper 4.20/Content/Blueprints/Objectives/UI_waypoint.uasset" 493
"D:/Documents/Unreal Projects/Interloper 4.20/Content/Blueprints/Objectives/BP_objective_update.uasset" 494
"D:/Documents/Unreal Projects/Interloper 4.20/Content/Levels/Hub_BuiltData.uasset" 495
"D:/Documents/Unreal Projects/Interloper 4.20/Content/Levels/Hub.umap" 496
"D:/Documents/Unreal Projects/Interloper 4.20/Content/Blueprints/Projectiles/Player/BP_enemy_grenade.uasset" 497
"D:/Documents/Unreal Projects/Interloper 4.20/Content/Meshes_Static/Enemies/grenadier.uasset" 498
"D:/Documents/Unreal Projects/Interloper 4.20/Content/Blueprints/Characters/Enemies/BP_enemy_grenadier.uasset" 499
"D:/Documents/Unreal Projects/Interloper 4.20/Content/Materials/M_green.uasset" 500
"D:/Documents/Unreal Projects/Interloper 4.20/Content/Audio/Effects/A_slash.uasset" 501
"D:/Documents/Unreal Projects/Interloper 4.20/Content/Audio/Effects/C_slash.uasset" 502
"D:/Documents/Unreal Projects/Interloper 4.20/Content/Meshes_Static/Enemies/SM_melee_enemy.uasset" 503
"D:/Documents/Unreal Projects/Interloper 4.20/Content/Blueprints/Characters/Enemies/BP_enemy_melee.uasset" 504
"D:/Documents/Unreal Projects/Interloper 4.20/Content/Blueprints/Projectiles/Enemy/BP_enemy_sniper_projectile.uasset" 505
"D:/Documents/Unreal Projects/Interloper 4.20/Content/Materials/M_yellow.uasset" 506
"D:/Documents/Unreal Projects/Interloper 4.20/Content/Materials/M_emissive_yellow.uasset" 507
"D:/Documents/Unreal Projects/Interloper 4.20/Content/Meshes_Static/Enemies/sniper_enemy.uasset" 508
"D:/Documents/Unreal Projects/Interloper 4.20/Content/Blueprints/Characters/Enemies/BP_enemy_sniper.uasset" 509
"D:/Documents/Unreal Projects/Interloper 4.20/Content/Meshes_Static/Environment/boss02_arena_pPipe1.uasset" 510
"D:/Documents/Unreal Projects/Interloper 4.20/Content/Meshes_Static/Environment/boss02_arena_pPipe2.uasset" 511
"D:/Documents/Unreal Projects/Interloper 4.20/Content/Meshes_Static/Environment/boss02_arena_pPipe3.uasset" 512
"D:/Documents/Unreal Projects/Interloper 4.20/Content/Blueprints/Environment/Arenas/BP_boss02_arena.uasset" 513
"D:/Documents/Unreal Projects/Interloper 4.20/Content/Blueprints/Objectives/BP_single_waypoint.uasset" 514
"D:/Documents/Unreal Projects/Interloper 4.20/Content/Blueprints/UMG/UI_bossHealth.uasset" 515
"D:/Documents/Unreal Projects/Interloper 4.20/Content/Meshes_Static/Enemies/boss02_pPyramid1.uasset" 516
"D:/Documents/Unreal Projects/Interloper 4.20/Content/Meshes_Static/Enemies/boss02_pPyramid2.uasset" 517
"D:/Documents/Unreal Projects/Interloper 4.20/Content/Meshes_Static/Enemies/boss02_pPyramid3.uasset" 518
"D:/Documents/Unreal Projects/Interloper 4.20/Content/Blueprints/Characters/Enemies/BP_boss02.uasset" 519
"D:/Documents/Unreal Projects/Interloper 4.20/Content/Blueprints/Environment/Doors/BP_sliding_door.uasset" 520
"D:/Documents/Unreal Projects/Interloper 4.20/Content/Blueprints/Environment/Interactables/BP_elevator.uasset" 521
"D:/Documents/Unreal Projects/Interloper 4.20/Content/Audio/Effects/A_jump_pad.uasset" 522
"D:/Documents/Unreal Projects/Interloper 4.20/Content/Audio/Effects/C_jump_pad.uasset" 523
"D:/Documents/Unreal Projects/Interloper 4.20/Content/Blueprints/Environment/Interactables/BP_jump_pad.uasset" 524
"D:/Documents/Unreal Projects/Interloper 4.20/Content/Blueprints/Environment/Props/BP_edge_light.uasset" 525
"D:/Documents/Unreal Projects/Interloper 4.20/Content/StarterContent/Shapes/Shape_Cylinder.uasset" 526
"D:/Documents/Unreal Projects/Interloper 4.20/Content/Blueprints/Environment/Props/BP_spotlight.uasset" 527
"D:/Documents/Unreal Projects/Interloper 4.20/Content/Blueprints/Objectives/BP_door_1.uasset" 528
"D:/Documents/Unreal Projects/Interloper 4.20/Content/Materials/M_emissive_blue.uasset" 529
"D:/Documents/Unreal Projects/Interloper 4.20/Content/Blueprints/Objectives/BP_objective_key_lock.uasset" 530
"D:/Documents/Unreal Projects/Interloper 4.20/Content/Blueprints/Objectives/BP_objective_key.uasset" 531
"D:/Documents/Unreal Projects/Interloper 4.20/Content/Audio/Effects/C_shoot04.uasset" 532
"D:/Documents/Unreal Projects/Interloper 4.20/Content/Meshes_Static/Weapons/SimpleWeapons/smg.uasset" 533
"D:/Documents/Unreal Projects/Interloper 4.20/Content/Textures/UI/Icon_SMG.uasset" 534
"D:/Documents/Unreal Projects/Interloper 4.20/Content/Blueprints/Weapons/BP_SMG.uasset" 535
"D:/Documents/Unreal Projects/Interloper 4.20/Content/Levels/Level1_BuiltData.uasset" 536
"../../../Engine/Content/BasicShapes/Cylinder.uasset" 537
"D:/Documents/Unreal Projects/Interloper 4.20/Content/Audio/Music/Modern_Dark_LOOP.uasset" 538
"D:/Documents/Unreal Projects/Interloper 4.20/Content/Audio/Music/C_Modern_Dark.uasset" 539
"D:/Documents/Unreal Projects/Interloper 4.20/Content/Audio/Music/Synth_Ambience_LOOP.uasset" 540
"D:/Documents/Unreal Projects/Interloper 4.20/Content/Audio/Music/C_Synth_Ambience.uasset" 541
"D:/Documents/Unreal Projects/Interloper 4.20/Content/Audio/R_reverb.uasset" 542
"D:/Documents/Unreal Projects/Interloper 4.20/Content/Meshes_Static/Environment/env_90_turn.uasset" 543
"D:/Documents/Unreal Projects/Interloper 4.20/Content/Levels/Level1.umap" 544
"D:/Documents/Unreal Projects/Interloper 4.20/Content/Levels/L_pyramid_boss_test_BuiltData.uasset" 545
"D:/Documents/Unreal Projects/Interloper 4.20/Content/Materials/M_Water_white.uasset" 546
"../../../Engine/Content/EngineMaterials/DefaultPhysicalMaterial.uasset" 547
"D:/Documents/Unreal Projects/Interloper 4.20/Content/Levels/L_pyramid_boss_test.umap" 548
"D:/Documents/Unreal Projects/Interloper 4.20/Content/Blueprints/Environment/Props/BP_menu_planet.uasset" 549
"D:/Documents/Unreal Projects/Interloper 4.20/Content/Levels/mainMenu01_BuiltData.uasset" 550
"D:/Documents/Unreal Projects/Interloper 4.20/Content/Audio/Music/Surface_Exploration_LOOP.uasset" 551
"D:/Documents/Unreal Projects/Interloper 4.20/Content/Audio/Effects/A_menu_play.uasset" 552
"D:/Documents/Unreal Projects/Interloper 4.20/Content/Audio/Effects/C_menu_play.uasset" 553
"D:/Documents/Unreal Projects/Interloper 4.20/Content/Blueprints/UMG/UI_options_menu.uasset" 554
"D:/Documents/Unreal Projects/Interloper 4.20/Content/Blueprints/UMG/UI_quit_menu.uasset" 555
"D:/Documents/Unreal Projects/Interloper 4.20/Content/Blueprints/UMG/UI_main_menu.uasset" 556
"D:/Documents/Unreal Projects/Interloper 4.20/Content/Levels/mainMenu01.umap" 557
"D:/Documents/Unreal Projects/Interloper 4.20/Content/Blueprints/Environment/Props/BP_bridge_lights.uasset" 558
"D:/Documents/Unreal Projects/Interloper 4.20/Content/Levels/map01_BuiltData.uasset" 559
"../../../Engine/Content/BasicShapes/Plane.uasset" 560
"../../../Engine/Content/Engine_MI_Shaders/T_Cubemap_01.uasset" 561
"D:/Documents/Unreal Projects/Interloper 4.20/Content/Meshes_Static/Environment/pyramid01.uasset" 562
"D:/Documents/Unreal Projects/Interloper 4.20/Content/Levels/map01.umap" 563
"D:/Documents/Unreal Projects/Interloper 4.20/Content/AI/AI_MeleeEnemy_Blackboard.uasset" 564
"D:/Documents/Unreal Projects/Interloper 4.20/Content/AI/AI_AgroCheck.uasset" 565
"D:/Documents/Unreal Projects/Interloper 4.20/Content/AI/AI_CloseEnough.uasset" 566
"D:/Documents/Unreal Projects/Interloper 4.20/Content/AI/AI_RapidMoveTo.uasset" 567
"D:/Documents/Unreal Projects/Interloper 4.20/Content/AI/AI_MeleeEnemy_Tree.uasset" 568
"D:/Documents/Unreal Projects/Interloper 4.20/Content/AI/AI_MeleeEnemy_Controller.uasset" 569
"D:/Documents/Unreal Projects/Interloper 4.20/Content/AI/AI_MeleeEnemy.uasset" 570
"D:/Documents/Unreal Projects/Interloper 4.20/Content/Levels/map02_BuiltData.uasset" 571
"D:/Documents/Unreal Projects/Interloper 4.20/Content/Levels/map02.umap" 572
"D:/Documents/Unreal Projects/Interloper 4.20/Content/StarterContent/Blueprints/Assets/FogBrightnessLUT.uasset" 573
"D:/Documents/Unreal Projects/Interloper 4.20/Content/StarterContent/Blueprints/Assets/SunlightColorLUT.uasset" 574
"D:/Documents/Unreal Projects/Interloper 4.20/Content/StarterContent/Blueprints/Assets/M_LightStage_Arrows.uasset" 575
"../../../Engine/Content/MapTemplates/Sky/DaylightAmbientCubemap.uasset" 576
"D:/Documents/Unreal Projects/Interloper 4.20/Content/StarterContent/Blueprints/Assets/M_LightStage_Skybox_Master.uasset" 577
"D:/Documents/Unreal Projects/Interloper 4.20/Content/StarterContent/Blueprints/Assets/M_LightStage_Skybox_Black.uasset" 578
"D:/Documents/Unreal Projects/Interloper 4.20/Content/StarterContent/Blueprints/Assets/M_LightStage_Skybox_HDRI.uasset" 579
"../../../Engine/Content/EditorMaterials/Thumbnails/SkySphereMaterial.uasset" 580
"D:/Documents/Unreal Projects/Interloper 4.20/Content/StarterContent/Blueprints/Assets/Skybox.uasset" 581
"D:/Documents/Unreal Projects/Interloper 4.20/Content/StarterContent/Blueprints/Assets/SM_Arrows.uasset" 582
"D:/Documents/Unreal Projects/Interloper 4.20/Content/StarterContent/HDRI/HDRI_Epic_Courtyard_Daylight.uasset" 583
"D:/Documents/Unreal Projects/Interloper 4.20/Content/StarterContent/Blueprints/BP_LightStudio.uasset" 584
"D:/Documents/Unreal Projects/Interloper 4.20/Content/StarterContent/Maps/Advanced_Lighting_BuiltData.uasset" 585
"D:/Documents/Unreal Projects/Interloper 4.20/Content/StarterContent/Materials/M_AssetPlatform.uasset" 586
"../../../Engine/Content/EditorMeshes/ColorCalibrator/M_ChromeBall.uasset" 587
"../../../Engine/Content/EditorMeshes/ColorCalibrator/M_ClearCoat.uasset" 588
"../../../Engine/Content/EditorMeshes/ColorCalibrator/M_ClearCoatBlack.uasset" 589
"../../../Engine/Content/EditorMeshes/ColorCalibrator/Color_checker.uasset" 590
"../../../Engine/Content/EditorMeshes/ColorCalibrator/M_ColorGrid.uasset" 591
"../../../Engine/Content/EditorMeshes/ColorCalibrator/M_GreyBall.uasset" 592
"../../../Engine/Content/EditorMeshes/ColorCalibrator/SM_ColorCalibrator.uasset" 593
"D:/Documents/Unreal Projects/Interloper 4.20/Content/StarterContent/Architecture/SM_AssetPlatform.uasset" 594
"D:/Documents/Unreal Projects/Interloper 4.20/Content/StarterContent/Maps/Advanced_Lighting.umap" 595
"D:/Documents/Unreal Projects/Interloper 4.20/Content/StarterContent/Maps/Minimal_Default_BuiltData.uasset" 596
"D:/Documents/Unreal Projects/Interloper 4.20/Content/StarterContent/Materials/M_Metal_Brushed_Nickel.uasset" 597
"D:/Documents/Unreal Projects/Interloper 4.20/Content/StarterContent/Textures/T_Metal_Aluminum_D.uasset" 598
"D:/Documents/Unreal Projects/Interloper 4.20/Content/StarterContent/Textures/T_Metal_Gold_N.uasset" 599
"D:/Documents/Unreal Projects/Interloper 4.20/Content/StarterContent/Materials/M_Metal_Burnished_Steel.uasset" 600
"D:/Documents/Unreal Projects/Interloper 4.20/Content/StarterContent/Textures/T_Metal_Copper_D.uasset" 601
"D:/Documents/Unreal Projects/Interloper 4.20/Content/StarterContent/Materials/M_Metal_Copper.uasset" 602
"D:/Documents/Unreal Projects/Interloper 4.20/Content/StarterContent/Textures/T_Statue_M.uasset" 603
"D:/Documents/Unreal Projects/Interloper 4.20/Content/StarterContent/Textures/T_Statue_N.uasset" 604
"D:/Documents/Unreal Projects/Interloper 4.20/Content/StarterContent/Props/Materials/M_StatueGlass.uasset" 605
"D:/Documents/Unreal Projects/Interloper 4.20/Content/StarterContent/Architecture/Floor_400x400.uasset" 606
"D:/Documents/Unreal Projects/Interloper 4.20/Content/StarterContent/Audio/Starter_Background_Cue.uasset" 607
"D:/Documents/Unreal Projects/Interloper 4.20/Content/StarterContent/Props/SM_Chair.uasset" 608
"D:/Documents/Unreal Projects/Interloper 4.20/Content/StarterContent/Props/Materials/M_Statue.uasset" 609
"D:/Documents/Unreal Projects/Interloper 4.20/Content/StarterContent/Props/SM_Statue.uasset" 610
"D:/Documents/Unreal Projects/Interloper 4.20/Content/StarterContent/Textures/T_TableRound_M.uasset" 611
"D:/Documents/Unreal Projects/Interloper 4.20/Content/StarterContent/Textures/T_TableRound_N.uasset" 612
"D:/Documents/Unreal Projects/Interloper 4.20/Content/StarterContent/Props/Materials/M_TableRound.uasset" 613
"D:/Documents/Unreal Projects/Interloper 4.20/Content/StarterContent/Props/SM_TableRound.uasset" 614
"D:/Documents/Unreal Projects/Interloper 4.20/Content/StarterContent/Maps/Minimal_Default.umap" 615
"D:/Documents/Unreal Projects/Interloper 4.20/Content/StarterContent/Audio/Fire01_Cue.uasset" 616
"D:/Documents/Unreal Projects/Interloper 4.20/Content/StarterContent/Particles/P_Fire.uasset" 617
"D:/Documents/Unreal Projects/Interloper 4.20/Content/StarterContent/Blueprints/Blueprint_Effect_Fire.uasset" 618
"D:/Documents/Unreal Projects/Interloper 4.20/Content/StarterContent/Audio/Smoke01_Cue.uasset" 619
"D:/Documents/Unreal Projects/Interloper 4.20/Content/StarterContent/Particles/P_Smoke.uasset" 620
"D:/Documents/Unreal Projects/Interloper 4.20/Content/StarterContent/Blueprints/Blueprint_Effect_Smoke.uasset" 621
"D:/Documents/Unreal Projects/Interloper 4.20/Content/StarterContent/Audio/Fire_Sparks01_Cue.uasset" 622
"D:/Documents/Unreal Projects/Interloper 4.20/Content/StarterContent/Textures/T_Spark_Core.uasset" 623
"D:/Documents/Unreal Projects/Interloper 4.20/Content/StarterContent/Particles/Materials/M_Spark.uasset" 624
"D:/Documents/Unreal Projects/Interloper 4.20/Content/StarterContent/Particles/P_Sparks.uasset" 625
"D:/Documents/Unreal Projects/Interloper 4.20/Content/StarterContent/Blueprints/Blueprint_Effect_Sparks.uasset" 626
"D:/Documents/Unreal Projects/Interloper 4.20/Content/StarterContent/Audio/Steam01_Cue.uasset" 627
"D:/Documents/Unreal Projects/Interloper 4.20/Content/StarterContent/Particles/P_Steam_Lit.uasset" 628
"D:/Documents/Unreal Projects/Interloper 4.20/Content/StarterContent/Blueprints/Blueprint_Effect_Steam.uasset" 629
"D:/Documents/Unreal Projects/Interloper 4.20/Content/StarterContent/Textures/T_Lamp_M.uasset" 630
"D:/Documents/Unreal Projects/Interloper 4.20/Content/StarterContent/Textures/T_Lamp_N.uasset" 631
"D:/Documents/Unreal Projects/Interloper 4.20/Content/StarterContent/Props/Materials/M_Lamp.uasset" 632
"D:/Documents/Unreal Projects/Interloper 4.20/Content/StarterContent/Props/SM_Lamp_Ceiling.uasset" 633
"D:/Documents/Unreal Projects/Interloper 4.20/Content/StarterContent/Blueprints/Blueprint_CeilingLight.uasset" 634
"D:/Documents/Unreal Projects/Interloper 4.20/Content/StarterContent/Props/SM_Lamp_Wall.uasset" 635
"D:/Documents/Unreal Projects/Interloper 4.20/Content/StarterContent/Blueprints/Blueprint_WallSconce.uasset" 636
"D:/Documents/Unreal Projects/Interloper 4.20/Content/StarterContent/Maps/StarterMap_BuiltData.uasset" 637
"D:/Documents/Unreal Projects/Interloper 4.20/Content/StarterContent/Textures/T_Brick_Clay_Beveled_D.uasset" 638
"D:/Documents/Unreal Projects/Interloper 4.20/Content/StarterContent/Textures/T_Brick_Clay_Beveled_M.uasset" 639
"D:/Documents/Unreal Projects/Interloper 4.20/Content/StarterContent/Textures/T_Brick_Clay_Beveled_N.uasset" 640
"D:/Documents/Unreal Projects/Interloper 4.20/Content/StarterContent/Materials/M_Brick_Clay_Beveled.uasset" 641
"D:/Documents/Unreal Projects/Interloper 4.20/Content/StarterContent/Textures/T_Brick_Clay_New_D.uasset" 642
"D:/Documents/Unreal Projects/Interloper 4.20/Content/StarterContent/Textures/T_Brick_Clay_New_M.uasset" 643
"D:/Documents/Unreal Projects/Interloper 4.20/Content/StarterContent/Textures/T_Brick_Clay_New_N.uasset" 644
"D:/Documents/Unreal Projects/Interloper 4.20/Content/StarterContent/Materials/M_Brick_Clay_New.uasset" 645
"D:/Documents/Unreal Projects/Interloper 4.20/Content/StarterContent/Textures/T_Brick_Clay_Old_D.uasset" 646
"D:/Documents/Unreal Projects/Interloper 4.20/Content/StarterContent/Textures/T_Brick_Clay_Old_N.uasset" 647
"D:/Documents/Unreal Projects/Interloper 4.20/Content/StarterContent/Materials/M_Brick_Clay_Old.uasset" 648
"D:/Documents/Unreal Projects/Interloper 4.20/Content/StarterContent/Textures/T_Brick_Cut_Stone_D.uasset" 649
"D:/Documents/Unreal Projects/Interloper 4.20/Content/StarterContent/Textures/T_Brick_Cut_Stone_N.uasset" 650
"D:/Documents/Unreal Projects/Interloper 4.20/Content/StarterContent/Materials/M_Brick_Cut_Stone.uasset" 651
"D:/Documents/Unreal Projects/Interloper 4.20/Content/StarterContent/Textures/T_Brick_Hewn_Stone_D.uasset" 652
"D:/Documents/Unreal Projects/Interloper 4.20/Content/StarterContent/Textures/T_Brick_Hewn_Stone_M.uasset" 653
"D:/Documents/Unreal Projects/Interloper 4.20/Content/StarterContent/Textures/T_Brick_Hewn_Stone_N.uasset" 654
"D:/Documents/Unreal Projects/Interloper 4.20/Content/StarterContent/Materials/M_Brick_Hewn_Stone.uasset" 655
"D:/Documents/Unreal Projects/Interloper 4.20/Content/StarterContent/Textures/T_Ceramic_Tile_M.uasset" 656
"D:/Documents/Unreal Projects/Interloper 4.20/Content/StarterContent/Textures/T_Ceramic_Tile_N.uasset" 657
"D:/Documents/Unreal Projects/Interloper 4.20/Content/StarterContent/Textures/T_Rock_Marble_Polished_D.uasset" 658
"D:/Documents/Unreal Projects/Interloper 4.20/Content/StarterContent/Materials/M_Ceramic_Tile_Checker.uasset" 659
"D:/Documents/Unreal Projects/Interloper 4.20/Content/StarterContent/Textures/T_CobbleStone_Pebble_D.uasset" 660
"D:/Documents/Unreal Projects/Interloper 4.20/Content/StarterContent/Textures/T_CobbleStone_Pebble_M.uasset" 661
"D:/Documents/Unreal Projects/Interloper 4.20/Content/StarterContent/Textures/T_CobbleStone_Pebble_N.uasset" 662
"D:/Documents/Unreal Projects/Interloper 4.20/Content/StarterContent/Materials/M_CobbleStone_Pebble.uasset" 663
"D:/Documents/Unreal Projects/Interloper 4.20/Content/StarterContent/Textures/T_CobbleStone_Rough_D.uasset" 664
"D:/Documents/Unreal Projects/Interloper 4.20/Content/StarterContent/Textures/T_CobbleStone_Rough_N.uasset" 665
"D:/Documents/Unreal Projects/Interloper 4.20/Content/StarterContent/Textures/T_Gradinet_01.uasset" 666
"D:/Documents/Unreal Projects/Interloper 4.20/Content/StarterContent/Textures/T_Rock_Smooth_Granite_D.uasset" 667
"D:/Documents/Unreal Projects/Interloper 4.20/Content/StarterContent/Materials/M_CobbleStone_Rough.uasset" 668
"D:/Documents/Unreal Projects/Interloper 4.20/Content/StarterContent/Textures/T_CobbleStone_Smooth_D.uasset" 669
"D:/Documents/Unreal Projects/Interloper 4.20/Content/StarterContent/Textures/T_CobbleStone_Smooth_M.uasset" 670
"D:/Documents/Unreal Projects/Interloper 4.20/Content/StarterContent/Textures/T_CobbleStone_Smooth_N.uasset" 671
"D:/Documents/Unreal Projects/Interloper 4.20/Content/StarterContent/Materials/M_CobbleStone_Smooth.uasset" 672
"D:/Documents/Unreal Projects/Interloper 4.20/Content/StarterContent/Textures/T_Concrete_Grime_D.uasset" 673
"D:/Documents/Unreal Projects/Interloper 4.20/Content/StarterContent/Textures/T_Metal_Rust_N.uasset" 674
"D:/Documents/Unreal Projects/Interloper 4.20/Content/StarterContent/Materials/M_Concrete_Grime.uasset" 675
"D:/Documents/Unreal Projects/Interloper 4.20/Content/StarterContent/Textures/T_Concrete_Panels_D.uasset" 676
"D:/Documents/Unreal Projects/Interloper 4.20/Content/StarterContent/Textures/T_Concrete_Panels_N.uasset" 677
"D:/Documents/Unreal Projects/Interloper 4.20/Content/StarterContent/Materials/M_Concrete_Panels.uasset" 678
"D:/Documents/Unreal Projects/Interloper 4.20/Content/StarterContent/Textures/T_Concrete_Poured_D.uasset" 679
"D:/Documents/Unreal Projects/Interloper 4.20/Content/StarterContent/Textures/T_Concrete_Poured_N.uasset" 680
"D:/Documents/Unreal Projects/Interloper 4.20/Content/StarterContent/Materials/M_Concrete_Poured.uasset" 681
"D:/Documents/Unreal Projects/Interloper 4.20/Content/StarterContent/Textures/T_Concrete_Tiles_D.uasset" 682
"D:/Documents/Unreal Projects/Interloper 4.20/Content/StarterContent/Textures/T_Concrete_Tiles_M.uasset" 683
"D:/Documents/Unreal Projects/Interloper 4.20/Content/StarterContent/Textures/T_Concrete_Tiles_N.uasset" 684
"D:/Documents/Unreal Projects/Interloper 4.20/Content/StarterContent/Textures/T_Concrete_Tiles_Variation_M.uasset" 685
"D:/Documents/Unreal Projects/Interloper 4.20/Content/StarterContent/Materials/M_Concrete_Tiles.uasset" 686
"D:/Documents/Unreal Projects/Interloper 4.20/Content/StarterContent/Textures/T_Ground_Grass_D.uasset" 687
"D:/Documents/Unreal Projects/Interloper 4.20/Content/StarterContent/Textures/T_Ground_Grass_N.uasset" 688
"D:/Documents/Unreal Projects/Interloper 4.20/Content/StarterContent/Materials/M_Ground_Grass.uasset" 689
"D:/Documents/Unreal Projects/Interloper 4.20/Content/StarterContent/Textures/T_Ground_Gravel_D.uasset" 690
"D:/Documents/Unreal Projects/Interloper 4.20/Content/StarterContent/Textures/T_Ground_Gravel_N.uasset" 691
"D:/Documents/Unreal Projects/Interloper 4.20/Content/StarterContent/Materials/M_Ground_Gravel.uasset" 692
"D:/Documents/Unreal Projects/Interloper 4.20/Content/StarterContent/Textures/T_ground_Moss_D.uasset" 693
"D:/Documents/Unreal Projects/Interloper 4.20/Content/StarterContent/Textures/T_Ground_Moss_N.uasset" 694
"D:/Documents/Unreal Projects/Interloper 4.20/Content/StarterContent/Materials/M_Ground_Moss.uasset" 695
"D:/Documents/Unreal Projects/Interloper 4.20/Content/StarterContent/Textures/T_Metal_Gold_D.uasset" 696
"D:/Documents/Unreal Projects/Interloper 4.20/Content/StarterContent/Materials/M_Metal_Gold.uasset" 697
"D:/Documents/Unreal Projects/Interloper 4.20/Content/StarterContent/Textures/T_Metal_Rust_D.uasset" 698
"D:/Documents/Unreal Projects/Interloper 4.20/Content/StarterContent/Materials/M_Metal_Rust.uasset" 699
"D:/Documents/Unreal Projects/Interloper 4.20/Content/StarterContent/Textures/T_Metal_Steel_D.uasset" 700
"D:/Documents/Unreal Projects/Interloper 4.20/Content/StarterContent/Textures/T_Metal_Steel_N.uasset" 701
"D:/Documents/Unreal Projects/Interloper 4.20/Content/StarterContent/Materials/M_Metal_Steel.uasset" 702
"D:/Documents/Unreal Projects/Interloper 4.20/Content/StarterContent/Textures/T_Rock_Basalt_N.uasset" 703
"D:/Documents/Unreal Projects/Interloper 4.20/Content/StarterContent/Materials/M_Rock_Basalt.uasset" 704
"D:/Documents/Unreal Projects/Interloper 4.20/Content/StarterContent/Materials/M_Rock_Marble_Polished.uasset" 705
"D:/Documents/Unreal Projects/Interloper 4.20/Content/StarterContent/Textures/T_Rock_Sandstone_D.uasset" 706
"D:/Documents/Unreal Projects/Interloper 4.20/Content/StarterContent/Textures/T_Rock_Sandstone_N.uasset" 707
"D:/Documents/Unreal Projects/Interloper 4.20/Content/StarterContent/Materials/M_Rock_Sandstone.uasset" 708
"D:/Documents/Unreal Projects/Interloper 4.20/Content/StarterContent/Textures/T_Rock_Slate_D.uasset" 709
"D:/Documents/Unreal Projects/Interloper 4.20/Content/StarterContent/Textures/T_Rock_Slate_N.uasset" 710
"D:/Documents/Unreal Projects/Interloper 4.20/Content/StarterContent/Materials/M_Rock_Slate.uasset" 711
"D:/Documents/Unreal Projects/Interloper 4.20/Content/StarterContent/Textures/T_Checker_Noise_M.uasset" 712
"D:/Documents/Unreal Projects/Interloper 4.20/Content/StarterContent/Textures/T_Single_Tile_N.uasset" 713
"D:/Documents/Unreal Projects/Interloper 4.20/Content/StarterContent/Textures/T_Tech_Dot_M.uasset" 714
"D:/Documents/Unreal Projects/Interloper 4.20/Content/StarterContent/Textures/T_Tech_Dot_N.uasset" 715
"D:/Documents/Unreal Projects/Interloper 4.20/Content/StarterContent/Materials/M_Tech_Checker_Dot.uasset" 716
"D:/Documents/Unreal Projects/Interloper 4.20/Content/StarterContent/Textures/T_Tech_Hex_Tile_M.uasset" 717
"D:/Documents/Unreal Projects/Interloper 4.20/Content/StarterContent/Textures/T_Tech_Hex_Tile_N.uasset" 718
"D:/Documents/Unreal Projects/Interloper 4.20/Content/StarterContent/Materials/M_Tech_Hex_Tile.uasset" 719
"D:/Documents/Unreal Projects/Interloper 4.20/Content/StarterContent/Materials/M_Tech_Hex_Tile_Pulse.uasset" 720
"D:/Documents/Unreal Projects/Interloper 4.20/Content/StarterContent/Textures/T_Tech_Panel_M.uasset" 721
"D:/Documents/Unreal Projects/Interloper 4.20/Content/StarterContent/Textures/T_Tech_Panel_N.uasset" 722
"D:/Documents/Unreal Projects/Interloper 4.20/Content/StarterContent/Materials/M_Tech_Panel.uasset" 723
"D:/Documents/Unreal Projects/Interloper 4.20/Content/StarterContent/Materials/M_Water_Lake.uasset" 724
"D:/Documents/Unreal Projects/Interloper 4.20/Content/StarterContent/Materials/M_Water_Ocean.uasset" 725
"D:/Documents/Unreal Projects/Interloper 4.20/Content/StarterContent/Textures/T_Wood_Floor_Walnut_D.uasset" 726
"D:/Documents/Unreal Projects/Interloper 4.20/Content/StarterContent/Textures/T_Wood_Floor_Walnut_M.uasset" 727
"D:/Documents/Unreal Projects/Interloper 4.20/Content/StarterContent/Textures/T_Wood_Floor_Walnut_N.uasset" 728
"D:/Documents/Unreal Projects/Interloper 4.20/Content/StarterContent/Materials/M_Wood_Floor_Walnut_Polished.uasset" 729
"../../../Engine/Content/Functions/Engine_MaterialFunctions01/Opacity/AlphaOffset.uasset" 730
"D:/Documents/Unreal Projects/Interloper 4.20/Content/StarterContent/Materials/M_Wood_Floor_Walnut_Worn.uasset" 731
"D:/Documents/Unreal Projects/Interloper 4.20/Content/StarterContent/Textures/T_Wood_Oak_D.uasset" 732
"D:/Documents/Unreal Projects/Interloper 4.20/Content/StarterContent/Textures/T_Wood_Oak_N.uasset" 733
"D:/Documents/Unreal Projects/Interloper 4.20/Content/StarterContent/Materials/M_Wood_Oak.uasset" 734
"D:/Documents/Unreal Projects/Interloper 4.20/Content/StarterContent/Textures/T_Wood_Pine_D.uasset" 735
"D:/Documents/Unreal Projects/Interloper 4.20/Content/StarterContent/Textures/T_Wood_Pine_N.uasset" 736
"D:/Documents/Unreal Projects/Interloper 4.20/Content/StarterContent/Materials/M_Wood_Pine.uasset" 737
"D:/Documents/Unreal Projects/Interloper 4.20/Content/StarterContent/Textures/T_Wood_Walnut_D.uasset" 738
"D:/Documents/Unreal Projects/Interloper 4.20/Content/StarterContent/Textures/T_Wood_Walnut_N.uasset" 739
"D:/Documents/Unreal Projects/Interloper 4.20/Content/StarterContent/Materials/M_Wood_Walnut.uasset" 740
"D:/Documents/Unreal Projects/Interloper 4.20/Content/StarterContent/Architecture/Wall_400x200.uasset" 741
"D:/Documents/Unreal Projects/Interloper 4.20/Content/StarterContent/Architecture/Wall_Door_400x300.uasset" 742
"D:/Documents/Unreal Projects/Interloper 4.20/Content/StarterContent/Architecture/Wall_Window_400x300.uasset" 743
"D:/Documents/Unreal Projects/Interloper 4.20/Content/StarterContent/Audio/Collapse_Cue.uasset" 744
"D:/Documents/Unreal Projects/Interloper 4.20/Content/StarterContent/Audio/Starter_Music_Cue.uasset" 745
"D:/Documents/Unreal Projects/Interloper 4.20/Content/StarterContent/Textures/T_Dust_Particle_D.uasset" 746
"D:/Documents/Unreal Projects/Interloper 4.20/Content/StarterContent/Particles/Materials/M_Dust_Particle.uasset" 747
"D:/Documents/Unreal Projects/Interloper 4.20/Content/StarterContent/Particles/P_Ambient_Dust.uasset" 748
"D:/Documents/Unreal Projects/Interloper 4.20/Content/StarterContent/Props/MaterialSphere.uasset" 749
"D:/Documents/Unreal Projects/Interloper 4.20/Content/StarterContent/Textures/T_Frame_M.uasset" 750
"D:/Documents/Unreal Projects/Interloper 4.20/Content/StarterContent/Textures/T_Frame_N.uasset" 751
"D:/Documents/Unreal Projects/Interloper 4.20/Content/StarterContent/Props/Materials/M_Frame.uasset" 752
"D:/Documents/Unreal Projects/Interloper 4.20/Content/StarterContent/Props/SM_CornerFrame.uasset" 753
"D:/Documents/Unreal Projects/Interloper 4.20/Content/StarterContent/Props/SM_DoorFrame.uasset" 754
"D:/Documents/Unreal Projects/Interloper 4.20/Content/StarterContent/Props/SM_GlassWindow.uasset" 755
"D:/Documents/Unreal Projects/Interloper 4.20/Content/StarterContent/Props/SM_PillarFrame.uasset" 756
"D:/Documents/Unreal Projects/Interloper 4.20/Content/StarterContent/Props/SM_PillarFrame300.uasset" 757
"D:/Documents/Unreal Projects/Interloper 4.20/Content/StarterContent/Props/SM_WindowFrame.uasset" 758
"D:/Documents/Unreal Projects/Interloper 4.20/Content/StarterContent/Shapes/Shape_QuadPyramid.uasset" 759
"D:/Documents/Unreal Projects/Interloper 4.20/Content/StarterContent/Shapes/Shape_Sphere.uasset" 760
"D:/Documents/Unreal Projects/Interloper 4.20/Content/StarterContent/Maps/StarterMap.umap" 761
"D:/Documents/Unreal Projects/Interloper 4.20/Content/ThirdPersonBP/Maps/ThirdPersonExampleMap_BuiltData.uasset" 762
"D:/Documents/Unreal Projects/Interloper 4.20/Content/Geometry/Meshes/1M_Cube_Chamfer.uasset" 763
"D:/Documents/Unreal Projects/Interloper 4.20/Content/Geometry/Meshes/TemplateFloor.uasset" 764
"D:/Documents/Unreal Projects/Interloper 4.20/Content/ThirdPerson/Meshes/RampMaterial.uasset" 765
"D:/Documents/Unreal Projects/Interloper 4.20/Content/ThirdPerson/Meshes/Bump_StaticMesh.uasset" 766
"D:/Documents/Unreal Projects/Interloper 4.20/Content/ThirdPerson/Meshes/LeftArm_StaticMesh.uasset" 767
"D:/Documents/Unreal Projects/Interloper 4.20/Content/ThirdPerson/Meshes/Linear_Stair_StaticMesh.uasset" 768
"D:/Documents/Unreal Projects/Interloper 4.20/Content/ThirdPerson/Meshes/Ramp_StaticMesh.uasset" 769
"D:/Documents/Unreal Projects/Interloper 4.20/Content/ThirdPerson/Meshes/RightArm_StaticMesh.uasset" 770
"D:/Documents/Unreal Projects/Interloper 4.20/Content/ThirdPersonBP/Maps/ThirdPersonExampleMap.umap" 771
"../../../Engine/Content/Maps/Entry_BuiltData.uasset" 772
"../../../Engine/Content/Maps/Entry.umap" 773
